
Showing logs for build [32mcb-kubecd-environment-pr-204-2-b6sg2-1[0m stage [32mfrom-build-pack[0m and container [32mstep-credential-initializer-hlbw6[0m
{"level":"info","ts":1587092644.0656986,"logger":"fallback-logger","caller":"logging/config.go:69","msg":"Fetch GitHub commit ID from kodata failed: open /var/run/ko/refs/heads/0.8.0-ns-support: no such file or directory"}
{"level":"info","ts":1587092644.0662937,"logger":"fallback-logger","caller":"creds-init/main.go:40","msg":"Credentials initialized."}

Showing logs for build [32mcb-kubecd-environment-pr-204-2-b6sg2-1[0m stage [32mfrom-build-pack[0m and container [32mstep-working-dir-initializer-7wsmn[0m
{"level":"info","ts":1587092644.8142533,"logger":"fallback-logger","caller":"logging/config.go:69","msg":"Fetch GitHub commit ID from kodata failed: open /var/run/ko/HEAD: no such file or directory"}
{"level":"info","ts":1587092644.816507,"logger":"fallback-logger","caller":"bash/main.go:64","msg":"Successfully executed command \"sh -c mkdir -p /workspace/source\"; output "}

Showing logs for build [32mcb-kubecd-environment-pr-204-2-b6sg2-1[0m stage [32mfrom-build-pack[0m and container [32mstep-place-tools[0m

Showing logs for build [32mcb-kubecd-environment-pr-204-2-b6sg2-1[0m stage [32mfrom-build-pack[0m and container [32mstep-git-source-cb-kubecd-environment-pr-204-2-b6sg2-9tw26[0m
{"level":"info","ts":1587092650.9427447,"logger":"fallback-logger","caller":"logging/config.go:69","msg":"Fetch GitHub commit ID from kodata failed: open /var/run/ko/refs/heads/0.8.0-ns-support: no such file or directory"}
{"level":"info","ts":1587092651.990459,"logger":"fallback-logger","caller":"git/git.go:103","msg":"Successfully cloned https://github.com/cb-kubecd/environment-pr-204-2-boot-vault-gke-staging.git @ master in path /workspace/source"}

Showing logs for build [32mcb-kubecd-environment-pr-204-2-b6sg2-1[0m stage [32mfrom-build-pack[0m and container [32mstep-git-merge[0m
Using SHAs from PULL_REFS=master:470e05fdcc0a8f0dd125b5fcbf8fe75a23128780,2:dda55636714249fb898314d5ef66e3b2b8dc599f
DEBUG: LC_ALL=C JX_LOG_LEVEL=error git fetch origin --unshallow dda55636714249fb898314d5ef66e3b2b8dc599f: 470e05fdcc0a8f0dd125b5fcbf8fe75a23128780:
DEBUG: ran git fetch --unshallow origin dda55636714249fb898314d5ef66e3b2b8dc599f: 470e05fdcc0a8f0dd125b5fcbf8fe75a23128780: in 
DEBUG: LC_ALL=C JX_LOG_LEVEL=error git branch
DEBUG: LC_ALL=C JX_LOG_LEVEL=error git checkout master
DEBUG: ran git checkout master in 
DEBUG: LC_ALL=C JX_LOG_LEVEL=error git reset --hard 470e05fdcc0a8f0dd125b5fcbf8fe75a23128780
DEBUG: ran git reset --hard 470e05fdcc0a8f0dd125b5fcbf8fe75a23128780 in 
DEBUG: LC_ALL=C JX_LOG_LEVEL=error git clean -fd .
DEBUG: ran clean --force -d . in 
DEBUG: LC_ALL=C JX_LOG_LEVEL=error git merge dda55636714249fb898314d5ef66e3b2b8dc599f
DEBUG: ran git merge dda55636714249fb898314d5ef66e3b2b8dc599f in 
DEBUG: JX_LOG_LEVEL=error LC_ALL=C git log --format=%H%x1f%an%x1f%ae%x1f%cn%x1f%ce%x1f%s%n%b%x1e 470e05fdcc0a8f0dd125b5fcbf8fe75a23128780..HEAD
Merged SHA dda55636714249fb898314d5ef66e3b2b8dc599f with commit message 'chore: Promote bdd-gh-1587092326 to version 0.0.1' into base branch master

Showing logs for build [32mcb-kubecd-environment-pr-204-2-b6sg2-1[0m stage [32mfrom-build-pack[0m and container [32mstep-build-helm-build[0m
WARNING: No $CHART_REPOSITORY defined so using the default value of: http://jenkins-x-chartmuseum:8080
Adding missing Helm repo: storage.googleapis.com https://storage.googleapis.com/chartmuseum.jenkins-x.io
WARNING: No secrets found on "helm/repos" due: reading the secret "helm/repos" from vault: no secret "helm/repos" not found in vault
Read credentials for https://storage.googleapis.com/chartmuseum.jenkins-x.io from vault helm/repos
Successfully added Helm repository storage.googleapis.com.
Adding missing Helm repo: jenkins-x-chartmuseum http://jenkins-x-chartmuseum:8080
WARNING: No secrets found on "helm/repos" due: reading the secret "helm/repos" from vault: no secret "helm/repos" not found in vault
Read credentials for http://jenkins-x-chartmuseum:8080 from vault helm/repos
Successfully added Helm repository jenkins-x-chartmuseum.
WARNING: No $CHART_REPOSITORY defined so using the default value of: http://jenkins-x-chartmuseum:8080
Adding missing Helm repo: chartmuseum.jenkins-x.io http://chartmuseum.jenkins-x.io
WARNING: No secrets found on "helm/repos" due: reading the secret "helm/repos" from vault: no secret "helm/repos" not found in vault
Read credentials for http://chartmuseum.jenkins-x.io from vault helm/repos
Successfully added Helm repository chartmuseum.jenkins-x.io.
